Using pre-set license
Built from '2021.1/staging' branch; Version is '2021.1.7f1 (d91830b65d9b) revision 14227504'; Using compiler version '192528614'; Build Type 'Release'
OS: 'Windows 10 Education; OS build 19043.1237; Version 2009; 64bit' Language: 'en' Physical Memory: 16247 MB
BatchMode: 1, IsHumanControllingUs: 0, StartBugReporterOnCrash: 0, Is64bit: 1, IsPro: 0

 COMMAND LINE ARGUMENTS:
C:\Program Files\Unity 2021.1.7f1\Editor\Unity.exe
-adb2
-batchMode
-noUpm
-name
AssetImportWorker0
-projectPath
C:/Users/g3.hn/Documents/FPS_AUSTIN_SCHAAD
-logFile
Logs/AssetImportWorker0.log
-srvPort
60347
Successfully changed project path to: C:/Users/g3.hn/Documents/FPS_AUSTIN_SCHAAD
C:/Users/g3.hn/Documents/FPS_AUSTIN_SCHAAD
Using Asset Import Pipeline V2.
Refreshing native plugins compatible for Editor in 69.33 ms, found 1 plugins.
Preloading 0 native plugins for Editor in 0.00 ms.
Initialize engine version: 2021.1.7f1 (d91830b65d9b)
[Subsystems] Discovering subsystems at path C:/Program Files/Unity 2021.1.7f1/Editor/Data/Resources/UnitySubsystems
[Subsystems] Discovering subsystems at path C:/Users/g3.hn/Documents/FPS_AUSTIN_SCHAAD/Assets
GfxDevice: creating device client; threaded=0; jobified=0
Direct3D:
    Version:  Direct3D 11.0 [level 11.1]
    Renderer: AMD Radeon R7 450 (ID=0x682b)
    Vendor:   ATI
    VRAM:     4076 MB
    Driver:   24.20.11020.3002
Initialize mono
Mono path[0] = 'C:/Program Files/Unity 2021.1.7f1/Editor/Data/Managed'
Mono path[1] = 'C:/Program Files/Unity 2021.1.7f1/Editor/Data/MonoBleedingEdge/lib/mono/unityjit'
Mono config path = 'C:/Program Files/Unity 2021.1.7f1/Editor/Data/MonoBleedingEdge/etc'
Using monoOptions --debugger-agent=transport=dt_socket,embedding=1,server=y,suspend=n,address=127.0.0.1:56484
Begin MonoManager ReloadAssembly
Registering precompiled unity dll's ...
Register platform support module: C:/Program Files/Unity 2021.1.7f1/Editor/Data/PlaybackEngines/WebGLSupport/UnityEditor.WebGL.Extensions.dll
Register platform support module: C:/Program Files/Unity 2021.1.7f1/Editor/Data/PlaybackEngines/WindowsStandaloneSupport/UnityEditor.WindowsStandalone.Extensions.dll
Registered in 0.002392 seconds.
Native extension for WindowsStandalone target not found
Native extension for WebGL target not found
Refreshing native plugins compatible for Editor in 70.59 ms, found 1 plugins.
Preloading 0 native plugins for Editor in 0.00 ms.
Mono: successfully reloaded assembly
- Completed reload, in  1.377 seconds
Platform modules already initialized, skipping
Registering precompiled user dll's ...
Registered in 0.003195 seconds.
Begin MonoManager ReloadAssembly
Symbol file LoadedFromMemory doesn't match image C:\Users\g3.hn\Documents\FPS_AUSTIN_SCHAAD\Library\PackageCache\com.unity.visualscripting@1.6.1\Editor\VisualScripting.Core\Dependencies\YamlDotNet\Unity.VisualScripting.YamlDotNet.dll
Symbol file LoadedFromMemory doesn't match image C:\Users\g3.hn\Documents\FPS_AUSTIN_SCHAAD\Library\PackageCache\com.unity.visualscripting@1.6.1\Editor\VisualScripting.Core\Dependencies\DotNetZip\Unity.VisualScripting.IonicZip.dll
Native extension for WindowsStandalone target not found
Native extension for WebGL target not found
Refreshing native plugins compatible for Editor in 0.46 ms, found 1 plugins.
Preloading 0 native plugins for Editor in 0.00 ms.
Mono: successfully reloaded assembly
- Completed reload, in  0.939 seconds
Platform modules already initialized, skipping
========================================================================
Worker process is ready to serve import requests
Launched and connected shader compiler UnityShaderCompiler.exe after 0.13 seconds
Refreshing native plugins compatible for Editor in 0.63 ms, found 1 plugins.
Preloading 0 native plugins for Editor in 0.00 ms.
Unloading 2683 Unused Serialized files (Serialized files now loaded: 0)
System memory in use before: 101.5 MB.
System memory in use after: 101.7 MB.

Unloading 14 unused Assets to reduce memory usage. Loaded Objects now: 3136.
Total: 1.844800 ms (FindLiveObjects: 0.212100 ms CreateObjectMapping: 0.135500 ms MarkObjects: 1.427600 ms  DeleteObjects: 0.068800 ms)

========================================================================
Received Import Request.
  path: Assets/assets
  artifactKey: Guid(9321af92d3714c24bb649478ae80e362) Importer(815301076,1909f56bfc062723c751e8b465ee728b)
Start importing Assets/assets using Guid(9321af92d3714c24bb649478ae80e362) Importer(815301076,1909f56bfc062723c751e8b465ee728b)  -> (artifact id: '0e0bd2377d8f296a0a6c184dfdc54bc7') in 0.006632 seconds 
========================================================================
Received Import Request.
  Time since last request: 30.033914 seconds.
  path: Assets/_TerrainAutoUpgrade
  artifactKey: Guid(5e4afb3ecb5907a46969c04c307c181b) Importer(815301076,1909f56bfc062723c751e8b465ee728b)
Start importing Assets/_TerrainAutoUpgrade using Guid(5e4afb3ecb5907a46969c04c307c181b) Importer(815301076,1909f56bfc062723c751e8b465ee728b)  -> (artifact id: 'c6a98f3e60138e9771a7007eb585bec9') in 0.002881 seconds 
========================================================================
Received Import Request.
  Time since last request: 5.116899 seconds.
  path: Assets/assets/Effects
  artifactKey: Guid(ab801bda400f645439eb70de8d6fee5e) Importer(815301076,1909f56bfc062723c751e8b465ee728b)
Start importing Assets/assets/Effects using Guid(ab801bda400f645439eb70de8d6fee5e) Importer(815301076,1909f56bfc062723c751e8b465ee728b)  -> (artifact id: 'eb98d0fa3910c70a8895ca091226e5fa') in 0.002321 seconds 
========================================================================
Received Import Request.
  Time since last request: 0.492138 seconds.
  path: Assets/assets/Materials
  artifactKey: Guid(e5b6f0c1ff42bea4aa8ffb668f172093) Importer(815301076,1909f56bfc062723c751e8b465ee728b)
Start importing Assets/assets/Materials using Guid(e5b6f0c1ff42bea4aa8ffb668f172093) Importer(815301076,1909f56bfc062723c751e8b465ee728b)  -> (artifact id: '2b70341229a5aae647f388a259eb5056') in 0.002860 seconds 
========================================================================
Received Import Request.
  Time since last request: 0.373530 seconds.
  path: Assets/assets/Models
  artifactKey: Guid(95c5217a6274dfe43b66ce4564efd21e) Importer(815301076,1909f56bfc062723c751e8b465ee728b)
Start importing Assets/assets/Models using Guid(95c5217a6274dfe43b66ce4564efd21e) Importer(815301076,1909f56bfc062723c751e8b465ee728b)  -> (artifact id: '3199b18ce2dc32ea23600b2750d172e8') in 0.002621 seconds 
========================================================================
Received Import Request.
  Time since last request: 0.309006 seconds.
  path: Assets/assets/Prefabs
  artifactKey: Guid(2a90358016ea88a4ca4895cb9e35f9cb) Importer(815301076,1909f56bfc062723c751e8b465ee728b)
Start importing Assets/assets/Prefabs using Guid(2a90358016ea88a4ca4895cb9e35f9cb) Importer(815301076,1909f56bfc062723c751e8b465ee728b)  -> (artifact id: '6f8395c34625f6f22141b1408e277967') in 0.002943 seconds 
========================================================================
Received Import Request.
  Time since last request: 0.359611 seconds.
  path: Assets/assets/Shaders
  artifactKey: Guid(8b4f2aa87cd67ec4fb42e710d1055bb4) Importer(815301076,1909f56bfc062723c751e8b465ee728b)
Start importing Assets/assets/Shaders using Guid(8b4f2aa87cd67ec4fb42e710d1055bb4) Importer(815301076,1909f56bfc062723c751e8b465ee728b)  -> (artifact id: '559b5b903354b2bf1ca22322e7b13d4b') in 0.003596 seconds 
========================================================================
Received Import Request.
  Time since last request: 0.346933 seconds.
  path: Assets/assets/Sounds
  artifactKey: Guid(b8e5253692e6ade478472d6bcb46ccab) Importer(815301076,1909f56bfc062723c751e8b465ee728b)
Start importing Assets/assets/Sounds using Guid(b8e5253692e6ade478472d6bcb46ccab) Importer(815301076,1909f56bfc062723c751e8b465ee728b)  -> (artifact id: 'd0111593e560a344145648a53fa629a1') in 0.002231 seconds 
========================================================================
Received Import Request.
  Time since last request: 0.344089 seconds.
  path: Assets/assets/Terrain
  artifactKey: Guid(4bfeee89774bb09448f9a130a1f23e59) Importer(815301076,1909f56bfc062723c751e8b465ee728b)
Start importing Assets/assets/Terrain using Guid(4bfeee89774bb09448f9a130a1f23e59) Importer(815301076,1909f56bfc062723c751e8b465ee728b)  -> (artifact id: 'b406268978740ca7b64e4fc899273ae3') in 0.002244 seconds 
========================================================================
Received Import Request.
  Time since last request: 0.424271 seconds.
  path: Assets/assets/Textures
  artifactKey: Guid(a014f14c973830c439d4a16a823e2039) Importer(815301076,1909f56bfc062723c751e8b465ee728b)
Start importing Assets/assets/Textures using Guid(a014f14c973830c439d4a16a823e2039) Importer(815301076,1909f56bfc062723c751e8b465ee728b)  -> (artifact id: '216b83da4bbf0d8460c7415648ed68ed') in 0.002743 seconds 
========================================================================
Received Import Request.
  Time since last request: 0.391927 seconds.
  path: Assets/assets/UI
  artifactKey: Guid(1c93215f64a278740b9b24e227cb7e43) Importer(815301076,1909f56bfc062723c751e8b465ee728b)
Start importing Assets/assets/UI using Guid(1c93215f64a278740b9b24e227cb7e43) Importer(815301076,1909f56bfc062723c751e8b465ee728b)  -> (artifact id: 'f86753fbf866bed7bbf0330c7121cbc3') in 0.002422 seconds 
========================================================================
Received Prepare
Registering precompiled user dll's ...
Registered in 0.002752 seconds.
Begin MonoManager ReloadAssembly
Symbol file LoadedFromMemory doesn't match image C:\Users\g3.hn\Documents\FPS_AUSTIN_SCHAAD\Library\PackageCache\com.unity.visualscripting@1.6.1\Editor\VisualScripting.Core\Dependencies\YamlDotNet\Unity.VisualScripting.YamlDotNet.dll
Symbol file LoadedFromMemory doesn't match image C:\Users\g3.hn\Documents\FPS_AUSTIN_SCHAAD\Library\PackageCache\com.unity.visualscripting@1.6.1\Editor\VisualScripting.Core\Dependencies\DotNetZip\Unity.VisualScripting.IonicZip.dll
Native extension for WindowsStandalone target not found
Native extension for WebGL target not found
Refreshing native plugins compatible for Editor in 0.47 ms, found 1 plugins.
Preloading 0 native plugins for Editor in 0.00 ms.
Mono: successfully reloaded assembly
- Completed reload, in  0.832 seconds
Platform modules already initialized, skipping
Refreshing native plugins compatible for Editor in 0.51 ms, found 1 plugins.
Preloading 0 native plugins for Editor in 0.00 ms.
Unloading 2661 Unused Serialized files (Serialized files now loaded: 0)
System memory in use before: 99.8 MB.
System memory in use after: 100.0 MB.

Unloading 9 unused Assets to reduce memory usage. Loaded Objects now: 3139.
Total: 1.790600 ms (FindLiveObjects: 0.205700 ms CreateObjectMapping: 0.127800 ms MarkObjects: 1.408400 ms  DeleteObjects: 0.047700 ms)

AssetImportWorkerClient::OnTransportError - code=2 error=End of file
